(0000) 3000  0011000000000000 (  20)                 .ORIG x3000
(3000) E0E1  1110000011100001 (  23)                 LEA   R0 startPrompt
(3001) F022  1111000000100010 (  24)                 TRAP  x22
(3002) 2CC6  0010110011000110 (  25)                 LD    R6 stackBase
(3003) F020  1111000000100000 (  30) GETVALUES       TRAP  x20
(3004) F021  1111000000100001 (  31)                 TRAP  x21
(3005) 5260  0101001001100000 (  32)                 AND   R1 R1 #0
(3006) 1220  0001001000100000 (  33)                 ADD   R1 R0 #0
(3007) 1276  0001001001110110 (  34)                 ADD   R1 R1 #-10
(3008) 0412  0000010000010010 (  35)                 BRZ   FINISHED
(3009) 5260  0101001001100000 (  40)                 AND   R1 R1 #0
(300A) 1220  0001001000100000 (  41)                 ADD   R1 R0 #0
(300B) 24C8  0010010011001000 (  42)                 LD    R2 NEG39
(300C) 1242  0001001001000010 (  43)                 ADD   R1 R1 R2
(300D) 0280  0000001010000000 (  44)                 BRP   INVALID
(300E) 5260  0101001001100000 (  49)                 AND   R1 R1 #0
(300F) 1220  0001001000100000 (  50)                 ADD   R1 R0 #0
(3010) 24C4  0010010011000100 (  51)                 LD    R2 NEG30
(3011) 1242  0001001001000010 (  52)                 ADD   R1 R1 R2
(3012) 087B  0000100001111011 (  53)                 BRN   INVALID
(3013) 4874  0100100001110100 (  58)                 JSR   PUSH
(3014) 5260  0101001001100000 (  59)                 AND   R1 R1 #0
(3015) 54A0  0101010010100000 (  60)                 AND   R2 R2 #0
(3016) 16FF  0001011011111111 (  61)                 ADD   R3 R3 #-1
(3017) 24BF  0010010010111111 (  62)                 LD    R2 MAXCOUNT
(3018) 1483  0001010010000011 (  63)                 ADD   R2 R2 R3
(3019) 0C01  0000110000000001 (  64)                 BRNZ  FINISHED
(301A) 0FE8  0000111111101000 (  65)                 BRNZP GETVALUES
(301B) 481A  0100100000011010 (  71) FINISHED        JSR   FINDSIZE
(301C) 4822  0100100000100010 (  72)                 JSR   CHECKDIGITS
(301D) 54A0  0101010010100000 (  74)                 AND   R2 R2 #0
(301E) 56E0  0101011011100000 (  75)                 AND   R3 R3 #0
(301F) 5920  0101100100100000 (  76)                 AND   R4 R4 #0
(3020) 5B60  0101101101100000 (  77)                 AND   R5 R5 #0
(3021) BAAE  1011101010101110 (  79)                 STI   R5 decValue
(3022) 485D  0100100001011101 (  80)                 JSR   GETDEC
(3023) A4AC  1010010010101100 (  81)                 LDI   R2 decValue
(3024) 26AE  0010011010101110 (  82)                 LD    R3 NEG100
(3025) 1483  0001010010000011 (  83)                 ADD   R2 R2 R3
(3026) 026D  0000001001101101 (  84)                 BRP   OUTOFRANGE
(3027) 54A0  0101010010100000 (  89)                 AND   R2 R2 #0
(3028) B4A4  1011010010100100 (  90)                 STI   R2 oneDigit
(3029) B4A4  1011010010100100 (  91)                 STI   R2 twoDigit
(302A) B4A4  1011010010100100 (  92)                 STI   R2 thrDigit
(302B) A4A5  1010010010100101 (  97)                 LDI   R2 inpCount
(302C) 14A1  0001010010100001 (  98)                 ADD   R2 R2 #1
(302D) B4A3  1011010010100011 (  99)                 STI   R2 inpCount
(302E) 56E0  0101011011100000 ( 101)                 AND   R3 R3 #0
(302F) 16E5  0001011011100101 ( 102)                 ADD   R3 R3 #5
(3030) A4A0  1010010010100000 ( 107)                 LDI   R2 inpCount
(3031) 94BF  1001010010111111 ( 108)                 NOT   R2 R2
(3032) 14A1  0001010010100001 ( 109)                 ADD   R2 R2 #1
(3033) 16C2  0001011011000010 ( 111)                 ADD   R3 R3 R2
(3034) 03CE  0000001111001110 ( 112)                 BRP   GETVALUES
(3035) F025  1111000000100101 ( 116)                 TRAP  x25
(3036) 5260  0101001001100000 ( 120) FINDSIZE        AND   R1 R1 #0
(3037) 54A0  0101010010100000 ( 121)                 AND   R2 R2 #0
(3038) 56E0  0101011011100000 ( 122)                 AND   R3 R3 #0
(3039) 13A0  0001001110100000 ( 123)                 ADD   R1 R6 #0
(303A) 248E  0010010010001110 ( 124)                 LD    R2 stackBase
(303B) 94BF  1001010010111111 ( 125)                 NOT   R2 R2
(303C) 14A1  0001010010100001 ( 126)                 ADD   R2 R2 #1
(303D) 1242  0001001001000010 ( 127)                 ADD   R1 R1 R2
(303E) C1C0  1100000111000000 ( 128)                 RET   
(303F) 1660  0001011001100000 ( 134) CHECKDIGITS     ADD   R3 R1 #0
(3040) 54A0  0101010010100000 ( 135)                 AND   R2 R2 #0
(3041) 14BF  0001010010111111 ( 136)                 ADD   R2 R2 #-1
(3042) 16C2  0001011011000010 ( 137)                 ADD   R3 R3 R2
(3043) 040C  0000010000001100 ( 138)                 BRZ   ONEDIGIT
(3044) 54A0  0101010010100000 ( 141)                 AND   R2 R2 #0
(3045) 56E0  0101011011100000 ( 142)                 AND   R3 R3 #0
(3046) 1660  0001011001100000 ( 143)                 ADD   R3 R1 #0
(3047) 14BE  0001010010111110 ( 144)                 ADD   R2 R2 #-2
(3048) 16C2  0001011011000010 ( 145)                 ADD   R3 R3 R2
(3049) 040B  0000010000001011 ( 146)                 BRZ   TWODIGIT
(304A) 54A0  0101010010100000 ( 149)                 AND   R2 R2 #0
(304B) 56E0  0101011011100000 ( 150)                 AND   R3 R3 #0
(304C) 1660  0001011001100000 ( 151)                 ADD   R3 R1 #0
(304D) 14BD  0001010010111101 ( 152)                 ADD   R2 R2 #-3
(304E) 16C2  0001011011000010 ( 153)                 ADD   R3 R3 R2
(304F) 0415  0000010000010101 ( 154)                 BRZ   THREEDIGIT
(3050) 2484  0010010010000100 ( 157) ONEDIGIT        LD    R2 NEG30
(3051) 6780  0110011110000000 ( 158)                 LDR   R3 R6 #0
(3052) 16C2  0001011011000010 ( 159)                 ADD   R3 R3 R2
(3053) B679  1011011001111001 ( 160)                 STI   R3 oneDigit
(3054) C1C0  1100000111000000 ( 161)                 RET   
(3055) 247F  0010010001111111 ( 164) TWODIGIT        LD    R2 NEG30
(3056) 6780  0110011110000000 ( 165)                 LDR   R3 R6 #0
(3057) 16C2  0001011011000010 ( 166)                 ADD   R3 R3 R2
(3058) B674  1011011001110100 ( 167)                 STI   R3 oneDigit
(3059) 67BF  0110011110111111 ( 168)                 LDR   R3 R6 #-1
(305A) 16C2  0001011011000010 ( 169)                 ADD   R3 R3 R2
(305B) 5920  0101100100100000 ( 170)                 AND   R4 R4 #0
(305C) 192A  0001100100101010 ( 171)                 ADD   R4 R4 #10
(305D) 5020  0101000000100000 ( 173)                 AND   R0 R0 #0
(305E) 103F  0001000000111111 ( 174)                 ADD   R0 R0 #-1
(305F) 7E00  0111111000000000 ( 175)                 STR   R7 R0 #0
(3060) 4849  0100100001001001 ( 176)                 JSR   MULTIPLY
(3061) BA6C  1011101001101100 ( 177)                 STI   R5 twoDigit
(3062) 6E00  0110111000000000 ( 178)                 LDR   R7 R0 #0
(3063) 1021  0001000000100001 ( 179)                 ADD   R0 R0 #1
(3064) C1C0  1100000111000000 ( 180)                 RET   
(3065) 246F  0010010001101111 ( 183) THREEDIGIT      LD    R2 NEG30
(3066) 6780  0110011110000000 ( 184)                 LDR   R3 R6 #0
(3067) 16C2  0001011011000010 ( 185)                 ADD   R3 R3 R2
(3068) B664  1011011001100100 ( 186)                 STI   R3 oneDigit
(3069) 67BF  0110011110111111 ( 188)                 LDR   R3 R6 #-1
(306A) 16C2  0001011011000010 ( 189)                 ADD   R3 R3 R2
(306B) 5920  0101100100100000 ( 190)                 AND   R4 R4 #0
(306C) 192A  0001100100101010 ( 191)                 ADD   R4 R4 #10
(306D) 5020  0101000000100000 ( 193)                 AND   R0 R0 #0
(306E) 103F  0001000000111111 ( 194)                 ADD   R0 R0 #-1
(306F) 7E00  0111111000000000 ( 195)                 STR   R7 R0 #0
(3070) 4839  0100100000111001 ( 196)                 JSR   MULTIPLY
(3071) BA5C  1011101001011100 ( 197)                 STI   R5 twoDigit
(3072) 5B60  0101101101100000 ( 198)                 AND   R5 R5 #0
(3073) 6E00  0110111000000000 ( 199)                 LDR   R7 R0 #0
(3074) 1021  0001000000100001 ( 200)                 ADD   R0 R0 #1
(3075) 67BE  0110011110111110 ( 202)                 LDR   R3 R6 #-2
(3076) 16C2  0001011011000010 ( 203)                 ADD   R3 R3 R2
(3077) 285A  0010100001011010 ( 204)                 LD    R4 HUNDRED
(3078) 5020  0101000000100000 ( 206)                 AND   R0 R0 #0
(3079) 103F  0001000000111111 ( 207)                 ADD   R0 R0 #-1
(307A) 7E00  0111111000000000 ( 208)                 STR   R7 R0 #0
(307B) 482E  0100100000101110 ( 209)                 JSR   MULTIPLY
(307C) BA52  1011101001010010 ( 210)                 STI   R5 thrDigit
(307D) 6E00  0110111000000000 ( 211)                 LDR   R7 R0 #0
(307E) 1021  0001000000100001 ( 212)                 ADD   R0 R0 #1
(307F) C1C0  1100000111000000 ( 213)                 RET   
(3080) A24C  1010001001001100 ( 218) GETDEC          LDI   R1 oneDigit
(3081) 1481  0001010010000001 ( 219)                 ADD   R2 R2 R1
(3082) A24B  1010001001001011 ( 220)                 LDI   R1 twoDigit
(3083) 1481  0001010010000001 ( 221)                 ADD   R2 R2 R1
(3084) A24A  1010001001001010 ( 222)                 LDI   R1 thrDigit
(3085) 1481  0001010010000001 ( 223)                 ADD   R2 R2 R1
(3086) B449  1011010001001001 ( 224)                 STI   R2 decValue
(3087) C1C0  1100000111000000 ( 225)                 RET   
(3088) 1DA1  0001110110100001 ( 230) PUSH            ADD   R6 R6 #1
(3089) 7180  0111000110000000 ( 231)                 STR   R0 R6 #0
(308A) C1C0  1100000111000000 ( 232)                 RET   
(308B) 6180  0110000110000000 ( 237) POP             LDR   R0 R6 #0
(308C) 1DBF  0001110110111111 ( 238)                 ADD   R6 R6 #-1
(308D) C1C0  1100000111000000 ( 239)                 RET   
(308E) 56E0  0101011011100000 ( 244) INVALID         AND   R3 R3 #0
(308F) 2046  0010000001000110 ( 245)                 LD    R0 NEWLINE
(3090) F021  1111000000100001 ( 246)                 TRAP  x21
(3091) E068  1110000001101000 ( 247)                 LEA   R0 invalidPrompt
(3092) F022  1111000000100010 ( 248)                 TRAP  x22
(3093) 0F6F  0000111101101111 ( 249)                 BRNZP GETVALUES
(3094) 5260  0101001001100000 ( 254) OUTOFRANGE      AND   R1 R1 #0
(3095) 54A0  0101010010100000 ( 255)                 AND   R2 R2 #0
(3096) 56E0  0101011011100000 ( 256)                 AND   R3 R3 #0
(3097) B638  1011011000111000 ( 257)                 STI   R3 decValue
(3098) B634  1011011000110100 ( 258)                 STI   R3 oneDigit
(3099) B634  1011011000110100 ( 259)                 STI   R3 twoDigit
(309A) B634  1011011000110100 ( 260)                 STI   R3 thrDigit
(309B) 203A  0010000000111010 ( 261)                 LD    R0 NEWLINE
(309C) F021  1111000000100001 ( 262)                 TRAP  x21
(309D) E091  1110000010010001 ( 263)                 LEA   R0 rangePrompt
(309E) F022  1111000000100010 ( 264)                 TRAP  x22
(309F) 13A0  0001001110100000 ( 266)                 ADD   R1 R6 #0
(30A0) 2428  0010010000101000 ( 267)                 LD    R2 stackBase
(30A1) 94BF  1001010010111111 ( 268)                 NOT   R2 R2
(30A2) 14A1  0001010010100001 ( 269)                 ADD   R2 R2 #1
(30A3) 1242  0001001001000010 ( 270)                 ADD   R1 R1 R2
(30A4) 0201  0000001000000001 ( 271)                 BRP   CONT
(30A5) 0F5D  0000111101011101 ( 272)                 BRNZP GETVALUES
(30A6) 4FE4  0100111111100100 ( 275) CONT            JSR   POP
(30A7) 127F  0001001001111111 ( 276)                 ADD   R1 R1 #-1
(30A8) 03FD  0000001111111101 ( 277)                 BRP   CONT
(30A9) 0F59  0000111101011001 ( 278)                 BRNZP GETVALUES
(30AA) 1920  0001100100100000 ( 283) MULTIPLY        ADD   R4 R4 #0
(30AB) 0404  0000010000000100 ( 284)                 BRZ   SETZERO
(30AC) 1B43  0001101101000011 ( 286) MULTLOOP        ADD   R5 R5 R3
(30AD) 193F  0001100100111111 ( 287)                 ADD   R4 R4 #-1
(30AE) 03FD  0000001111111101 ( 288)                 BRP   MULTLOOP
(30AF) C1C0  1100000111000000 ( 289)                 RET   
(30B0) 56E0  0101011011100000 ( 292) SETZERO         AND   R3 R3 #0
(30B1) C1C0  1100000111000000 ( 293)                 RET   
(30B2) 5020  0101000000100000 ( 298) GETGRADE        AND   R0 R0 #0
(30B3) 262A  0010011000101010 ( 300)                 LD    R3 NEG90
(30B4) 1883  0001100010000011 ( 301)                 ADD   R4 R2 R3
(30B5) 0802  0000100000000010 ( 302)                 BRN   NOTA
(30B6) 2022  0010000000100010 ( 303)                 LD    R0 CHARA
(30B7) C1C0  1100000111000000 ( 304)                 RET   
(30B8) 2626  0010011000100110 ( 307) NOTA            LD    R3 NEG80
(30B9) 1883  0001100010000011 ( 308)                 ADD   R4 R2 R3
(30BA) 0802  0000100000000010 ( 309)                 BRN   NOTB
(30BB) 201E  0010000000011110 ( 310)                 LD    R0 CHARB
(30BC) C1C0  1100000111000000 ( 311)                 RET   
(30BD) 2622  0010011000100010 ( 314) NOTB            LD    R3 NEG70
(30BE) 1883  0001100010000011 ( 315)                 ADD   R4 R2 R3
(30BF) 0802  0000100000000010 ( 316)                 BRN   NOTC
(30C0) 201A  0010000000011010 ( 317)                 LD    R0 CHARC
(30C1) C1C0  1100000111000000 ( 318)                 RET   
(30C2) 261D  0010011000011101 ( 321) NOTC            LD    R3 NEG70
(30C3) 1883  0001100010000011 ( 322)                 ADD   R4 R2 R3
(30C4) 0802  0000100000000010 ( 323)                 BRN   NOTD
(30C5) 2016  0010000000010110 ( 324)                 LD    R0 CHARD
(30C6) C1C0  1100000111000000 ( 325)                 RET   
(30C7) 2015  0010000000010101 ( 328) NOTD            LD    R0 CHARF
(30C8) C1C0  1100000111000000 ( 329)                 RET   
(30C9) 3200  0011001000000000 ( 344) stackBase       .FILL x3200
(30CA) 3205  0011001000000101 ( 345) minValue        .FILL x3205
(30CB) 3206  0011001000000110 ( 346) maxValue        .FILL x3206
(30CC) 3207  0011001000000111 ( 347) avgValue        .FILL x3207
(30CD) 3208  0011001000001000 ( 348) oneDigit        .FILL x3208
(30CE) 3209  0011001000001001 ( 349) twoDigit        .FILL x3209
(30CF) 320A  0011001000001010 ( 350) thrDigit        .FILL x320A
(30D0) 320B  0011001000001011 ( 351) decValue        .FILL x320B
(30D1) 320C  0011001000001100 ( 352) inpCount        .FILL x320C
(30D2) 0064  0000000001100100 ( 355) HUNDRED         .FILL x0064
(30D3) FF9C  1111111110011100 ( 356) NEG100          .FILL xFF9C
(30D4) FFC7  1111111111000111 ( 357) NEG39           .FILL xFFC7
(30D5) FFD0  1111111111010000 ( 358) NEG30           .FILL xFFD0
(30D6) 000A  0000000000001010 ( 359) NEWLINE         .FILL x000A
(30D7) 0003  0000000000000011 ( 360) MAXCOUNT        .FILL x0003
(30D8) 0005  0000000000000101 ( 361) MAXNUMBERS      .FILL x0005
(30D9) 0041  0000000001000001 ( 362) CHARA           .FILL x0041
(30DA) 0042  0000000001000010 ( 363) CHARB           .FILL x0042
(30DB) 0043  0000000001000011 ( 364) CHARC           .FILL x0043
(30DC) 0044  0000000001000100 ( 365) CHARD           .FILL x0044
(30DD) 0045  0000000001000101 ( 366) CHARF           .FILL x0045
(30DE) FFA6  1111111110100110 ( 367) NEG90           .FILL xFFA6
(30DF) FFB0  1111111110110000 ( 368) NEG80           .FILL xFFB0
(30E0) FFBA  1111111110111010 ( 369) NEG70           .FILL xFFBA
(30E1) FFC4  1111111111000100 ( 370) NEG60           .FILL xFFC4
(30E2) 0045  0000000001000101 ( 375) startPrompt     .FILL x0045
(30E3) 006E  0000000001101110 ( 375)                 .FILL x006E
(30E4) 0074  0000000001110100 ( 375)                 .FILL x0074
(30E5) 0065  0000000001100101 ( 375)                 .FILL x0065
(30E6) 0072  0000000001110010 ( 375)                 .FILL x0072
(30E7) 0020  0000000000100000 ( 375)                 .FILL x0020
(30E8) 0035  0000000000110101 ( 375)                 .FILL x0035
(30E9) 0020  0000000000100000 ( 375)                 .FILL x0020
(30EA) 0076  0000000001110110 ( 375)                 .FILL x0076
(30EB) 0061  0000000001100001 ( 375)                 .FILL x0061
(30EC) 006C  0000000001101100 ( 375)                 .FILL x006C
(30ED) 0075  0000000001110101 ( 375)                 .FILL x0075
(30EE) 0065  0000000001100101 ( 375)                 .FILL x0065
(30EF) 0073  0000000001110011 ( 375)                 .FILL x0073
(30F0) 0020  0000000000100000 ( 375)                 .FILL x0020
(30F1) 0030  0000000000110000 ( 375)                 .FILL x0030
(30F2) 002D  0000000000101101 ( 375)                 .FILL x002D
(30F3) 0031  0000000000110001 ( 375)                 .FILL x0031
(30F4) 0030  0000000000110000 ( 375)                 .FILL x0030
(30F5) 0030  0000000000110000 ( 375)                 .FILL x0030
(30F6) 003A  0000000000111010 ( 375)                 .FILL x003A
(30F7) 0020  0000000000100000 ( 375)                 .FILL x0020
(30F8) 000A  0000000000001010 ( 375)                 .FILL x000A
(30F9) 0000  0000000000000000 ( 375)                 .FILL x0000
(30FA) 0049  0000000001001001 ( 376) invalidPrompt   .FILL x0049
(30FB) 006E  0000000001101110 ( 376)                 .FILL x006E
(30FC) 0070  0000000001110000 ( 376)                 .FILL x0070
(30FD) 0075  0000000001110101 ( 376)                 .FILL x0075
(30FE) 0074  0000000001110100 ( 376)                 .FILL x0074
(30FF) 0020  0000000000100000 ( 376)                 .FILL x0020
(3100) 0077  0000000001110111 ( 376)                 .FILL x0077
(3101) 0061  0000000001100001 ( 376)                 .FILL x0061
(3102) 0073  0000000001110011 ( 376)                 .FILL x0073
(3103) 0020  0000000000100000 ( 376)                 .FILL x0020
(3104) 0069  0000000001101001 ( 376)                 .FILL x0069
(3105) 006E  0000000001101110 ( 376)                 .FILL x006E
(3106) 0076  0000000001110110 ( 376)                 .FILL x0076
(3107) 0061  0000000001100001 ( 376)                 .FILL x0061
(3108) 006C  0000000001101100 ( 376)                 .FILL x006C
(3109) 0069  0000000001101001 ( 376)                 .FILL x0069
(310A) 0064  0000000001100100 ( 376)                 .FILL x0064
(310B) 002E  0000000000101110 ( 376)                 .FILL x002E
(310C) 0020  0000000000100000 ( 376)                 .FILL x0020
(310D) 0054  0000000001010100 ( 376)                 .FILL x0054
(310E) 0072  0000000001110010 ( 376)                 .FILL x0072
(310F) 0079  0000000001111001 ( 376)                 .FILL x0079
(3110) 0020  0000000000100000 ( 376)                 .FILL x0020
(3111) 0065  0000000001100101 ( 376)                 .FILL x0065
(3112) 006E  0000000001101110 ( 376)                 .FILL x006E
(3113) 0074  0000000001110100 ( 376)                 .FILL x0074
(3114) 0065  0000000001100101 ( 376)                 .FILL x0065
(3115) 0072  0000000001110010 ( 376)                 .FILL x0072
(3116) 0069  0000000001101001 ( 376)                 .FILL x0069
(3117) 006E  0000000001101110 ( 376)                 .FILL x006E
(3118) 0067  0000000001100111 ( 376)                 .FILL x0067
(3119) 0020  0000000000100000 ( 376)                 .FILL x0020
(311A) 0061  0000000001100001 ( 376)                 .FILL x0061
(311B) 0020  0000000000100000 ( 376)                 .FILL x0020
(311C) 006E  0000000001101110 ( 376)                 .FILL x006E
(311D) 0075  0000000001110101 ( 376)                 .FILL x0075
(311E) 006D  0000000001101101 ( 376)                 .FILL x006D
(311F) 0062  0000000001100010 ( 376)                 .FILL x0062
(3120) 0065  0000000001100101 ( 376)                 .FILL x0065
(3121) 0072  0000000001110010 ( 376)                 .FILL x0072
(3122) 0020  0000000000100000 ( 376)                 .FILL x0020
(3123) 0030  0000000000110000 ( 376)                 .FILL x0030
(3124) 002D  0000000000101101 ( 376)                 .FILL x002D
(3125) 0039  0000000000111001 ( 376)                 .FILL x0039
(3126) 0020  0000000000100000 ( 376)                 .FILL x0020
(3127) 0061  0000000001100001 ( 376)                 .FILL x0061
(3128) 0067  0000000001100111 ( 376)                 .FILL x0067
(3129) 0061  0000000001100001 ( 376)                 .FILL x0061
(312A) 0069  0000000001101001 ( 376)                 .FILL x0069
(312B) 006E  0000000001101110 ( 376)                 .FILL x006E
(312C) 002E  0000000000101110 ( 376)                 .FILL x002E
(312D) 000A  0000000000001010 ( 376)                 .FILL x000A
(312E) 0000  0000000000000000 ( 376)                 .FILL x0000
(312F) 0052  0000000001010010 ( 377) rangePrompt     .FILL x0052
(3130) 0061  0000000001100001 ( 377)                 .FILL x0061
(3131) 006E  0000000001101110 ( 377)                 .FILL x006E
(3132) 0067  0000000001100111 ( 377)                 .FILL x0067
(3133) 0065  0000000001100101 ( 377)                 .FILL x0065
(3134) 0020  0000000000100000 ( 377)                 .FILL x0020
(3135) 0077  0000000001110111 ( 377)                 .FILL x0077
(3136) 0061  0000000001100001 ( 377)                 .FILL x0061
(3137) 0073  0000000001110011 ( 377)                 .FILL x0073
(3138) 0020  0000000000100000 ( 377)                 .FILL x0020
(3139) 0069  0000000001101001 ( 377)                 .FILL x0069
(313A) 006E  0000000001101110 ( 377)                 .FILL x006E
(313B) 0076  0000000001110110 ( 377)                 .FILL x0076
(313C) 0061  0000000001100001 ( 377)                 .FILL x0061
(313D) 006C  0000000001101100 ( 377)                 .FILL x006C
(313E) 0069  0000000001101001 ( 377)                 .FILL x0069
(313F) 0064  0000000001100100 ( 377)                 .FILL x0064
(3140) 002E  0000000000101110 ( 377)                 .FILL x002E
(3141) 0020  0000000000100000 ( 377)                 .FILL x0020
(3142) 0054  0000000001010100 ( 377)                 .FILL x0054
(3143) 0072  0000000001110010 ( 377)                 .FILL x0072
(3144) 0079  0000000001111001 ( 377)                 .FILL x0079
(3145) 0020  0000000000100000 ( 377)                 .FILL x0020
(3146) 0065  0000000001100101 ( 377)                 .FILL x0065
(3147) 006E  0000000001101110 ( 377)                 .FILL x006E
(3148) 0074  0000000001110100 ( 377)                 .FILL x0074
(3149) 0065  0000000001100101 ( 377)                 .FILL x0065
(314A) 0072  0000000001110010 ( 377)                 .FILL x0072
(314B) 0069  0000000001101001 ( 377)                 .FILL x0069
(314C) 006E  0000000001101110 ( 377)                 .FILL x006E
(314D) 0067  0000000001100111 ( 377)                 .FILL x0067
(314E) 0020  0000000000100000 ( 377)                 .FILL x0020
(314F) 0061  0000000001100001 ( 377)                 .FILL x0061
(3150) 0020  0000000000100000 ( 377)                 .FILL x0020
(3151) 006E  0000000001101110 ( 377)                 .FILL x006E
(3152) 0075  0000000001110101 ( 377)                 .FILL x0075
(3153) 006D  0000000001101101 ( 377)                 .FILL x006D
(3154) 0062  0000000001100010 ( 377)                 .FILL x0062
(3155) 0065  0000000001100101 ( 377)                 .FILL x0065
(3156) 0072  0000000001110010 ( 377)                 .FILL x0072
(3157) 0020  0000000000100000 ( 377)                 .FILL x0020
(3158) 0030  0000000000110000 ( 377)                 .FILL x0030
(3159) 002D  0000000000101101 ( 377)                 .FILL x002D
(315A) 0031  0000000000110001 ( 377)                 .FILL x0031
(315B) 0030  0000000000110000 ( 377)                 .FILL x0030
(315C) 0030  0000000000110000 ( 377)                 .FILL x0030
(315D) 0020  0000000000100000 ( 377)                 .FILL x0020
(315E) 0061  0000000001100001 ( 377)                 .FILL x0061
(315F) 0067  0000000001100111 ( 377)                 .FILL x0067
(3160) 0061  0000000001100001 ( 377)                 .FILL x0061
(3161) 0069  0000000001101001 ( 377)                 .FILL x0069
(3162) 006E  0000000001101110 ( 377)                 .FILL x006E
(3163) 002E  0000000000101110 ( 377)                 .FILL x002E
(3164) 000A  0000000000001010 ( 377)                 .FILL x000A
(3165) 0000  0000000000000000 ( 377)                 .FILL x0000
